<?xml version="1.0" encoding="UTF-8"?>
<!-- Generated by org.testng.reporters.JUnitReportReporter -->
<testsuite skipped="0" hostname="CO-IT00385" name="com.globant.web.tests.TestCreateCount" tests="1" failures="0" timestamp="10 Apr 2020 05:39:58 GMT" time="14.571" errors="0">
  <testcase name="createCount" time="14.571" classname="com.globant.web.tests.TestCreateCount"/>
</testsuite> <!-- com.globant.web.tests.TestCreateCount -->
