<?xml version="1.0" encoding="UTF-8"?>
<!-- Generated by org.testng.reporters.JUnitReportReporter -->
<testsuite skipped="0" hostname="CO-IT00385" name="com.globant.web.tests.TestCancelCount" tests="1" failures="0" timestamp="10 Apr 2020 05:39:58 GMT" time="48.726" errors="0">
  <testcase name="testCancelCount" time="48.726" classname="com.globant.web.tests.TestCancelCount"/>
</testsuite> <!-- com.globant.web.tests.TestCancelCount -->
