<?xml version="1.0" encoding="UTF-8"?>
<!-- Generated by org.testng.reporters.JUnitReportReporter -->
<testsuite skipped="0" hostname="CO-IT00385" name="com.globant.web.tests.TestLogin" tests="1" failures="0" timestamp="08 Apr 2020 00:05:50 GMT" time="8.659" errors="0">
  <testcase name="testLogin" time="8.659" classname="com.globant.web.tests.TestLogin"/>
</testsuite> <!-- com.globant.web.tests.TestLogin -->
