<?xml version="1.0" encoding="UTF-8"?>
<!-- Generated by org.testng.reporters.JUnitReportReporter -->
<testsuite skipped="0" hostname="CO-IT00385" name="com.globant.web.tests.TestCreateCount" tests="1" failures="0" timestamp="07 Apr 2020 14:49:16 GMT" time="13.300" errors="0">
  <testcase name="createCount" time="13.300" classname="com.globant.web.tests.TestCreateCount"/>
</testsuite> <!-- com.globant.web.tests.TestCreateCount -->
