<?xml version="1.0" encoding="UTF-8"?>
<!-- Generated by org.testng.reporters.JUnitReportReporter -->
<testsuite skipped="0" hostname="CO-IT00385" name="com.academy.AppTest" tests="1" failures="0" timestamp="27 Mar 2020 22:11:11 GMT" time="0.007" errors="0">
  <testcase name="shouldAnswerWithTrue" time="0.007" classname="com.academy.AppTest"/>
</testsuite> <!-- com.academy.AppTest -->
