<?xml version="1.0" encoding="UTF-8"?>
<!-- Generated by org.testng.reporters.JUnitReportReporter -->
<testsuite skipped="0" hostname="CO-IT00385" name="com.globant.web.tests.PFlights" tests="1" failures="0" timestamp="04 Apr 2020 15:47:08 GMT" time="12.249" errors="0">
  <testcase name="testVueloSearch" time="12.249" classname="com.globant.web.tests.PFlights"/>
</testsuite> <!-- com.globant.web.tests.PFlights -->
