<?xml version="1.0" encoding="UTF-8"?>
<!-- Generated by org.testng.reporters.JUnitReportReporter -->
<testsuite skipped="0" hostname="CO-IT00385" name="com.academy.web.tests.Taller11" tests="4" failures="0" timestamp="29 Mar 2020 23:20:54 GMT" time="0.009" errors="0">
  <testcase name="crearCuenta" time="0.005" classname="com.academy.web.tests.Taller11"/>
  <testcase name="iniciarSesion" time="0.001" classname="com.academy.web.tests.Taller11"/>
  <testcase name="iniciarSesion" time="0.001" classname="com.academy.web.tests.Taller11"/>
  <testcase name="cancelarCuenta" time="0.002" classname="com.academy.web.tests.Taller11"/>
</testsuite> <!-- com.academy.web.tests.Taller11 -->
