<?xml version="1.0" encoding="UTF-8"?>
<!-- Generated by org.testng.reporters.JUnitReportReporter -->
<testsuite skipped="0" hostname="CO-IT00385" name="com.academy.web.tests.Example" tests="2" failures="0" timestamp="28 Mar 2020 03:24:08 GMT" time="0.010" errors="0">
  <testcase name="crearCuenta" time="0.008" classname="com.academy.web.tests.Example"/>
  <testcase name="cancelarCuenta" time="0.002" classname="com.academy.web.tests.Example"/>
</testsuite> <!-- com.academy.web.tests.Example -->
