<?xml version="1.0" encoding="UTF-8"?>
<!-- Generated by org.testng.reporters.JUnitReportReporter -->
<testsuite skipped="0" hostname="CO-IT00385" name="com.globant.web.tests.TestCancelCount" tests="1" failures="0" timestamp="11 Apr 2020 06:06:00 GMT" time="22.278" errors="0">
  <testcase name="testCancelCount" time="22.278" classname="com.globant.web.tests.TestCancelCount"/>
</testsuite> <!-- com.globant.web.tests.TestCancelCount -->
