<?xml version="1.0" encoding="UTF-8"?>
<!-- Generated by org.testng.reporters.JUnitReportReporter -->
<testsuite skipped="0" hostname="CO-IT00385" name="com.globant.web.tests.TestLogin" tests="1" failures="0" timestamp="11 Apr 2020 06:06:00 GMT" time="10.678" errors="0">
  <testcase name="testLogin" time="10.678" classname="com.globant.web.tests.TestLogin"/>
</testsuite> <!-- com.globant.web.tests.TestLogin -->
