<?xml version="1.0" encoding="UTF-8"?>
<!-- Generated by org.testng.reporters.JUnitReportReporter -->
<testsuite skipped="0" hostname="CO-IT00385" name="com.globant.web.tests.TestCreateCount" tests="1" failures="0" timestamp="11 Apr 2020 06:06:00 GMT" time="10.496" errors="0">
  <testcase name="createCount" time="10.496" classname="com.globant.web.tests.TestCreateCount"/>
</testsuite> <!-- com.globant.web.tests.TestCreateCount -->
