<?xml version="1.0" encoding="UTF-8"?>
<!-- Generated by org.testng.reporters.JUnitReportReporter -->
<testsuite skipped="0" hostname="CO-IT00385" name="com.globant.web.tests.ExampleData" tests="6" failures="0" timestamp="06 Apr 2020 19:42:56 GMT" time="0.018" errors="0">
  <testcase name="testWithDaraProviderClass2" time="0.002" classname="com.globant.web.tests.ExampleData"/>
  <testcase name="testWithDataProvider" time="0.002" classname="com.globant.web.tests.ExampleData"/>
  <testcase name="testWithDataProvider" time="0.001" classname="com.globant.web.tests.ExampleData"/>
  <testcase name="testWithDaraProviderClass" time="0.011" classname="com.globant.web.tests.ExampleData"/>
  <testcase name="testWithDataProvider" time="0.001" classname="com.globant.web.tests.ExampleData"/>
  <testcase name="testWithParameters" time="0.001" classname="com.globant.web.tests.ExampleData"/>
</testsuite> <!-- com.globant.web.tests.ExampleData -->
