<?xml version="1.0" encoding="UTF-8"?>
<!-- Generated by org.testng.reporters.JUnitReportReporter -->
<testsuite skipped="0" hostname="CO-IT00385" name="com.globant.web.tests.EspnTestLogin" tests="1" failures="0" timestamp="04 Apr 2020 16:12:58 GMT" time="0.027" errors="0">
  <testcase name="testLogin" time="0.027" classname="com.globant.web.tests.EspnTestLogin"/>
</testsuite> <!-- com.globant.web.tests.EspnTestLogin -->
